{"numTotalTestSuites":14,"numPassedTestSuites":14,"numFailedTestSuites":0,"numPendingTestSuites":0,"numTotalTests":8,"numPassedTests":8,"numFailedTests":0,"numPendingTests":0,"numTodoTests":0,"snapshot":{"added":0,"failure":false,"filesAdded":0,"filesRemoved":0,"filesRemovedList":[],"filesUnmatched":0,"filesUpdated":0,"matched":0,"total":0,"unchecked":0,"uncheckedKeysByFile":[],"unmatched":0,"updated":0,"didUpdate":false},"startTime":1775330450757,"success":true,"testResults":[{"assertionResults":[{"ancestorTitles":["src/svelte/tests/stores/fileMetricsState.svelte.test.ts","FileMetricsState Runes","regularSizedFile"],"fullName":"src/svelte/tests/stores/fileMetricsState.svelte.test.ts FileMetricsState Runes regularSizedFile should report boolean value derived from computedSize","status":"passed","title":"should report boolean value derived from computedSize","failureMessages":[],"meta":{"typecheck":true},"tags":[]},{"ancestorTitles":["src/svelte/tests/stores/fileMetricsState.svelte.test.ts","FileMetricsState Runes","saveable"],"fullName":"src/svelte/tests/stores/fileMetricsState.svelte.test.ts FileMetricsState Runes saveable should report boolean value derived from changeCount","status":"passed","title":"should report boolean value derived from changeCount","failureMessages":[],"meta":{"typecheck":true},"tags":[]},{"ancestorTitles":["src/svelte/tests/stores/fileMetricsState.svelte.test.ts","FileMetricsState Runes","canUndo"],"fullName":"src/svelte/tests/stores/fileMetricsState.svelte.test.ts FileMetricsState Runes canUndo should report boolean value derived from changeCount","status":"passed","title":"should report boolean value derived from changeCount","failureMessages":[],"meta":{"typecheck":true},"tags":[]},{"ancestorTitles":["src/svelte/tests/stores/fileMetricsState.svelte.test.ts","FileMetricsState Runes","canRedo"],"fullName":"src/svelte/tests/stores/fileMetricsState.svelte.test.ts FileMetricsState Runes canRedo should report boolean value derived from undoCount","status":"passed","title":"should report boolean value derived from undoCount","failureMessages":[],"meta":{"typecheck":true},"tags":[]},{"ancestorTitles":["src/svelte/tests/stores/fileMetricsState.svelte.test.ts","FileMetricsState Runes","canRevert"],"fullName":"src/svelte/tests/stores/fileMetricsState.svelte.test.ts FileMetricsState Runes canRevert should report boolean value derived from non zero change counts","status":"passed","title":"should report boolean value derived from non zero change counts","failureMessages":[],"meta":{"typecheck":true},"tags":[]}],"startTime":1775330450757,"endTime":1775330450757,"status":"passed","message":"","name":"/home/bobert/Code/Thirdparty/daffodil-vscode/src/svelte/tests/stores/fileMetricsState.svelte.test.ts"},{"assertionResults":[{"ancestorTitles":["src/svelte/tests/stores/format.svelte.test.ts","Formatting States","Address Radix"],"fullName":"src/svelte/tests/stores/format.svelte.test.ts Formatting States Address Radix should only accept a radix value type","status":"passed","title":"should only accept a radix value type","failureMessages":[],"meta":{"typecheck":true},"tags":[]}],"startTime":1775330450757,"endTime":1775330450757,"status":"passed","message":"","name":"/home/bobert/Code/Thirdparty/daffodil-vscode/src/svelte/tests/stores/format.svelte.test.ts"},{"assertionResults":[{"ancestorTitles":["src/svelte/tests/utilities/display.test.ts","Display Functions","radixBytePad"],"fullName":"src/svelte/tests/utilities/display.test.ts Display Functions radixBytePad should return the appropriate text length per radix value given","status":"passed","title":"should return the appropriate text length per radix value given","failureMessages":[],"meta":{"typecheck":true},"tags":[]},{"ancestorTitles":["src/svelte/tests/utilities/display.test.ts","Display Functions","radixToString"],"fullName":"src/svelte/tests/utilities/display.test.ts Display Functions radixToString should return the correct radix index string from RadixValue","status":"passed","title":"should return the correct radix index string from RadixValue","failureMessages":[],"meta":{"typecheck":true},"tags":[]}],"startTime":1775330450757,"endTime":1775330450757,"status":"passed","message":"","name":"/home/bobert/Code/Thirdparty/daffodil-vscode/src/svelte/tests/utilities/display.test.ts"}]}